<?xml version="1.0" encoding="UTF-8"?>
<!-- Generated by org.testng.reporters.JUnitReportReporter -->
<testsuite hostname="DESKTOP-UE8HJ7G" failures="0" tests="3" name="scriptexecutor.VerifyLandingPage" time="38.886" errors="0" timestamp="2022-06-21T10:46:03 IST" skipped="0">
  <testcase classname="scriptexecutor.VerifyLandingPage" name="fourthscript" time="12.686"/>
  <system-out/>
  <testcase classname="scriptexecutor.VerifyLandingPage" name="fourthscript" time="14.529"/>
  <system-out/>
  <testcase classname="scriptexecutor.VerifyLandingPage" name="fourthscript" time="11.671"/>
  <system-out/>
</testsuite> <!-- scriptexecutor.VerifyLandingPage -->
